<?xml version="1.0" encoding="UTF-8"?>
<testng-results total="1" passed="0" failed="1" skipped="0">
  <reporter-output>
  </reporter-output>
  <suite started-at="2022-08-17T16:18:39Z" name="Default suite" finished-at="2022-08-17T16:18:44Z" duration-ms="5122">
    <groups>
    </groups>
    <test started-at="2022-08-17T16:18:39Z" name="Default test" finished-at="2022-08-17T16:18:44Z" duration-ms="5122">
      <class name="vagrant.test.Wiki_test">
        <test-method is-config="true" signature="precondition()[pri:0, instance:vagrant.test.Wiki_test@4b29d1d2]" started-at="2022-08-17T21:48:39Z" name="precondition" finished-at="2022-08-17T21:48:43Z" duration-ms="3476" status="PASS">
          <reporter-output>
          </reporter-output>
        </test-method> <!-- precondition -->
        <test-method signature="getMovieDetailsWiki()[pri:0, instance:vagrant.test.Wiki_test@4b29d1d2]" started-at="2022-08-17T21:48:43Z" name="getMovieDetailsWiki" finished-at="2022-08-17T21:48:44Z" duration-ms="1301" status="FAIL">
          <exception class="java.lang.AssertionError">
            <message>
              <![CDATA[expected [17 December 2021] but found [null]]]>
            </message>
            <full-stacktrace>
              <![CDATA[java.lang.AssertionError: expected [17 December 2021] but found [null]
	at org.testng.Assert.fail(Assert.java:94)
	at org.testng.Assert.failNotEquals(Assert.java:494)
	at org.testng.Assert.assertEquals(Assert.java:123)
	at org.testng.Assert.assertEquals(Assert.java:176)
	at org.testng.Assert.assertEquals(Assert.java:186)
	at vagrant.test.Wiki_test.getMovieDetailsWiki(Wiki_test.java:24)
	at java.base/jdk.internal.reflect.DirectMethodHandleAccessor.invoke(DirectMethodHandleAccessor.java:104)
	at java.base/java.lang.reflect.Method.invoke(Method.java:577)
	at org.testng.internal.MethodInvocationHelper.invokeMethod(MethodInvocationHelper.java:80)
	at org.testng.internal.Invoker.invokeMethod(Invoker.java:714)
	at org.testng.internal.Invoker.invokeTestMethod(Invoker.java:901)
	at org.testng.internal.Invoker.invokeTestMethods(Invoker.java:1231)
	at org.testng.internal.TestMethodWorker.invokeTestMethods(TestMethodWorker.java:127)
	at org.testng.internal.TestMethodWorker.run(TestMethodWorker.java:111)
	at org.testng.TestRunner.privateRun(TestRunner.java:767)
	at org.testng.TestRunner.run(TestRunner.java:617)
	at org.testng.SuiteRunner.runTest(SuiteRunner.java:334)
	at org.testng.SuiteRunner.runSequentially(SuiteRunner.java:329)
	at org.testng.SuiteRunner.privateRun(SuiteRunner.java:291)
	at org.testng.SuiteRunner.run(SuiteRunner.java:240)
	at org.testng.SuiteRunnerWorker.runSuite(SuiteRunnerWorker.java:52)
	at org.testng.SuiteRunnerWorker.run(SuiteRunnerWorker.java:86)
	at org.testng.TestNG.runSuitesSequentially(TestNG.java:1198)
	at org.testng.TestNG.runSuitesLocally(TestNG.java:1123)
	at org.testng.TestNG.run(TestNG.java:1031)
	at org.testng.remote.AbstractRemoteTestNG.run(AbstractRemoteTestNG.java:115)
	at org.testng.remote.RemoteTestNG.initAndRun(RemoteTestNG.java:251)
	at org.testng.remote.RemoteTestNG.main(RemoteTestNG.java:77)
]]>
            </full-stacktrace>
          </exception> <!-- java.lang.AssertionError -->
          <reporter-output>
          </reporter-output>
        </test-method> <!-- getMovieDetailsWiki -->
        <test-method is-config="true" signature="getResult(org.testng.ITestResult)[pri:0, instance:vagrant.test.Wiki_test@4b29d1d2]" started-at="2022-08-17T21:48:44Z" name="getResult" finished-at="2022-08-17T21:48:44Z" duration-ms="199" status="PASS">
          <params>
            <param index="0">
              <value>
                <![CDATA[[TestResult name=getMovieDetailsWiki status=FAILURE method=Wiki_test.getMovieDetailsWiki()[pri:0, instance:vagrant.test.Wiki_test@4b29d1d2] output={null}]]]>
              </value>
            </param>
          </params>
          <reporter-output>
          </reporter-output>
        </test-method> <!-- getResult -->
        <test-method is-config="true" signature="postcondition()[pri:0, instance:vagrant.test.Wiki_test@4b29d1d2]" started-at="2022-08-17T21:48:44Z" name="postcondition" finished-at="2022-08-17T21:48:44Z" duration-ms="136" status="PASS">
          <reporter-output>
          </reporter-output>
        </test-method> <!-- postcondition -->
      </class> <!-- vagrant.test.Wiki_test -->
    </test> <!-- Default test -->
  </suite> <!-- Default suite -->
</testng-results>
